\BOOKMARK [0][-]{chapter.1}{\376\377\000\332\000v\000o\000d}{}% 1
\BOOKMARK [-1][-]{part.1}{\376\377\000I\000\040\000T\000e\000o\000r\000e\000t\000i\000c\000k\000\341\000\040\001\015\000\341\000s\000t}{}% 2
\BOOKMARK [0][-]{chapter.2}{\376\377\000R\000a\000d\000o\000n\000o\000v\000\341\000\040\000p\000r\000o\000b\000l\000e\000m\000a\000t\000i\000k\000a}{part.1}% 3
\BOOKMARK [1][-]{section.2.1}{\376\377\000P\000o\000u\001\176\000i\000t\000\351\000\040\000k\000o\000n\000t\000i\000n\000u\000\341\000l\000n\000\355\000\040\000m\000o\000n\000i\000t\000o\000r\000y\000\040\000r\000a\000d\000o\000n\000u}{chapter.2}% 4
\BOOKMARK [2][-]{subsection.2.1.1}{\376\377\000T\000E\000R\000A\000\040\000s\000o\000n\000d\000y}{section.2.1}% 5
\BOOKMARK [2][-]{subsection.2.1.2}{\376\377\000C\000A\000N\000A\000R\000Y\000\040\000m\001\033\001\131\000\341\000k\000y}{section.2.1}% 6
\BOOKMARK [1][-]{section.2.2}{\376\377\000P\000r\001\157\000t\000o\001\015\000n\000\351\000\040\000r\000a\000d\000o\000n\000o\000v\000\351\000\040\000z\000d\000r\000o\000j\000e\000\040\000t\000y\000p\000u\000\040\000R\000F\000\040\0002\0000\0000\0000}{chapter.2}% 7
\BOOKMARK [0][-]{chapter.3}{\376\377\000M\001\033\001\131\000e\000n\000\355\000\040\000i\000n\000t\000e\000n\000z\000i\000t\000y\000\040\000v\001\033\000t\000r\000\341\000n\000\355\000\040\000p\000o\000m\000o\000c\000\355\000\040\000t\000e\000c\000h\000n\000i\000k\000y\000\040\000i\000n\000d\000i\000k\000a\001\015\000n\000\355\000c\000h\000\040\000p\000l\000y\000n\001\157}{part.1}% 8
\BOOKMARK [1][-]{section.3.1}{\376\377\000P\001\131\000\355\000s\000t\000r\000o\000j\000e\000\040\000a\000\040\000p\000o\000m\001\157\000c\000k\000y}{chapter.3}% 9
\BOOKMARK [1][-]{section.3.2}{\376\377\000P\000r\000a\000c\000o\000v\000n\000\355\000\040\000p\000o\000s\000t\000u\000p}{chapter.3}% 10
\BOOKMARK [2][-]{subsection.3.2.1}{\376\377\000P\001\131\000\355\000p\000r\000a\000v\000a\000\040\000m\001\033\001\131\000e\000n\000\355}{section.3.2}% 11
\BOOKMARK [2][-]{subsection.3.2.2}{\376\377\000P\001\131\000e\000p\000r\000a\000v\000a}{section.3.2}% 12
\BOOKMARK [2][-]{subsection.3.2.3}{\376\377\000I\000n\000s\000t\000a\000l\000a\000c\000e\000\040\000m\001\033\001\131\000i\000d\000e\000l}{section.3.2}% 13
\BOOKMARK [2][-]{subsection.3.2.4}{\376\377\000D\000o\000b\000a\000\040\000m\001\033\001\131\000e\000n\000\355}{section.3.2}% 14
\BOOKMARK [2][-]{subsection.3.2.5}{\376\377\000S\000b\001\033\000r}{section.3.2}% 15
\BOOKMARK [2][-]{subsection.3.2.6}{\376\377\000V\000y\000h\000o\000d\000n\000o\000c\000e\000n\000\355}{section.3.2}% 16
\BOOKMARK [1][-]{section.3.3}{\376\377\000U\000r\001\015\000e\000n\000\355\000\040\000p\000r\001\157\000t\000o\000k\001\157\000\040\000v\000z\000d\000u\000c\000h\000u\000\040\000a\000\040\000v\000\375\000m\001\033\000n\000y\000\040\000v\000z\000d\000u\000c\000h\000u\000\040\000o\000b\000j\000e\000k\000t\000u}{chapter.3}% 17
\BOOKMARK [2][-]{subsection.3.3.1}{\376\377\000H\000m\000o\000t\000n\000o\000s\000t\000n\000\355\000\040\000k\000o\000n\000c\000e\000n\000t\000r\000a\000c\000e\000\040\000a\000\040\000e\000m\000i\000s\000e\000\040\000i\000n\000d\000i\000k\000a\001\015\000n\000\355\000c\000h\000\040\000p\000l\000y\000n\001\157}{section.3.3}% 18
\BOOKMARK [2][-]{subsection.3.3.2}{\376\377\000B\000i\000l\000a\000n\001\015\000n\000\355\000\040\000r\000o\000v\000n\000i\000c\000e}{section.3.3}% 19
\BOOKMARK [2][-]{subsection.3.3.3}{\376\377\001\130\000e\001\141\000e\000n\000\355\000\040\000b\000i\000l\000a\000n\001\015\000n\000\355\000c\000h\000\040\000r\000o\000v\000n\000i\000c}{section.3.3}% 20
\BOOKMARK [2][-]{subsection.3.3.4}{\376\377\000V\000\375\000m\001\033\000n\000a\000\040\000v\000z\000d\000u\000c\000h\000u}{section.3.3}% 21
\BOOKMARK [0][-]{chapter.4}{\376\377\000U\000r\001\015\000e\000n\000\355\000\040\000o\000b\000j\000e\000m\000o\000v\000\351\000\040\000r\000y\000c\000h\000l\000o\000s\000t\000i\000\040\000p\001\131\000\355\000s\000u\000n\000u\000\040\000z\000d\000r\000o\000j\001\157\000\040\000r\000a\000d\000o\000n\000u}{part.1}% 22
\BOOKMARK [1][-]{section.4.1}{\376\377\000U\000r\001\015\000e\000n\000\355\000\040\000n\000e\000j\000i\000s\000t\000o\000t\000\040\000p\001\131\000\355\000s\000u\000n\001\157\000\040\000r\000a\000d\000o\000n\000u}{chapter.4}% 23
\BOOKMARK [2][-]{subsection.4.1.1}{\376\377\000J\000e\000d\000e\000n\000\040\000k\000o\000m\000p\000a\000r\000t\000m\000e\000n\000t}{section.4.1}% 24
\BOOKMARK [2][-]{subsection.4.1.2}{\376\377\000D\000v\000a\000\040\000k\000o\000m\000p\000a\000r\000t\000m\000e\000n\000t\000y}{section.4.1}% 25
\BOOKMARK [2][-]{subsection.4.1.3}{\376\377\000N\000\040\000k\000o\000m\000p\000a\000r\000t\000m\000e\000n\000t\001\157}{section.4.1}% 26
\BOOKMARK [1][-]{section.4.2}{\376\377\000I\000n\000t\000e\000r\000p\000r\000e\000t\000a\000c\000e\000\040\000p\001\131\000\355\000s\000u\000n\001\157\000\040\000r\000a\000d\000o\000n\000u}{chapter.4}% 27
\BOOKMARK [1][-]{section.4.3}{\376\377\000O\000v\001\033\001\131\000e\000n\000\355\000\040\000m\000o\000d\000e\000l\000u\000\040\000v\000\375\000p\000o\001\015\000t\000u\000\040\000p\001\131\000\355\000s\000u\000n\001\157\000\040\000r\000a\000d\000o\000n\000u}{chapter.4}% 28
\BOOKMARK [1][-]{section.4.4}{\376\377\000I\000m\000p\000l\000e\000m\000e\000n\000t\000a\000c\000e}{chapter.4}% 29
\BOOKMARK [2][-]{subsection.4.4.1}{\376\377\000R\000o\000v\000n\000o\000v\000\341\001\176\000n\000\375\000\040\000s\000t\000a\000v}{section.4.4}% 30
\BOOKMARK [2][-]{subsection.4.4.2}{\376\377\000D\000y\000n\000a\000m\000i\000c\000k\000\351\000\040\000m\001\033\001\131\000e\000n\000\355}{section.4.4}% 31
\BOOKMARK [-1][-]{part.2}{\376\377\000I\000I\000\040\000P\000r\000a\000k\000t\000i\000c\000k\000\341\000\040\001\015\000\341\000s\000t}{}% 32
\BOOKMARK [0][-]{chapter.5}{\376\377\000M\001\033\001\131\000e\000n\000\355\000\040\000v\000\040\000r\000o\000v\000n\000o\000v\000\341\001\176\000n\000\351\000m\000\040\000s\000t\000a\000v\000u}{part.2}% 33
\BOOKMARK [1][-]{section.5.1}{\376\377\000O\000b\000j\000e\000k\000t\000\040\001\015\000.\000\040\0001}{chapter.5}% 34
\BOOKMARK [1][-]{section.5.2}{\376\377\000O\000b\000j\000e\000k\000t\000\040\001\015\000.\000\040\0002}{chapter.5}% 35
\BOOKMARK [1][-]{section.5.3}{\376\377\000O\000b\000j\000e\000k\000t\000\040\001\015\000.\000\040\0003}{chapter.5}% 36
\BOOKMARK [1][-]{section.5.4}{\376\377\000O\000b\000j\000e\000k\000t\000\040\001\015\000.\000\040\0004}{chapter.5}% 37
\BOOKMARK [1][-]{section.5.5}{\376\377\000O\000b\000j\000e\000k\000t\000\040\001\015\000.\000\040\0008}{chapter.5}% 38
\BOOKMARK [1][-]{section.5.6}{\376\377\000D\000i\000s\000k\000u\000z\000e}{chapter.5}% 39
\BOOKMARK [1][-]{section.5.7}{\376\377\000Z\000\341\000v\001\033\000r}{chapter.5}% 40
\BOOKMARK [0][-]{chapter.6}{\376\377\000D\000y\000n\000a\000m\000i\000c\000k\000\341\000\040\000m\001\033\001\131\000e\000n\000\355}{part.2}% 41
\BOOKMARK [1][-]{section.6.1}{\376\377\000T\000E\000R\000A\000\040\000s\000o\000n\000d\000y}{chapter.6}% 42
\BOOKMARK [1][-]{section.6.2}{\376\377\000O\000b\000j\000e\000k\000t\000\040\000S\000k\000\341\000l\000a\000\040\0007\0005\000,\000\040\000o\000k\000r\000.\000\040\000H\000a\000v\000l\000\355\001\015\000k\001\157\000v\000\040\000B\000r\000o\000d}{chapter.6}% 43
\BOOKMARK [2][-]{subsection.6.2.1}{\376\377\000P\001\131\000\355\000s\000u\000n\000y\000\040\000r\000a\000d\000o\000n\000u}{section.6.2}% 44
\BOOKMARK [2][-]{subsection.6.2.2}{\376\377\000Z\000p\001\033\000t\000n\000\351\000\040\000o\000v\001\033\001\131\000e\000n\000\355}{section.6.2}% 45
\BOOKMARK [2][-]{subsection.6.2.3}{\376\377\000D\000i\000s\000k\000u\000z\000e}{section.6.2}% 46
\BOOKMARK [2][-]{subsection.6.2.4}{\376\377\000Z\000\341\000v\001\033\000r}{section.6.2}% 47
\BOOKMARK [1][-]{section.6.3}{\376\377\000O\000b\000j\000e\000k\000t\000\040\000H\000\341\000l\000k\000o\000v\000\341\000\040\0009\0008\0000\000,\000\040\000H\000u\000m\000p\000o\000l\000e\000c}{chapter.6}% 48
\BOOKMARK [2][-]{subsection.6.3.1}{\376\377\000P\001\131\000\355\000s\000u\000n\000y\000\040\000r\000a\000d\000o\000n\000u}{section.6.3}% 49
\BOOKMARK [2][-]{subsection.6.3.2}{\376\377\000Z\000p\001\033\000t\000n\000\351\000\040\000o\000v\001\033\001\131\000e\000n\000\355}{section.6.3}% 50
\BOOKMARK [2][-]{subsection.6.3.3}{\376\377\000D\000i\000s\000k\000u\000z\000e}{section.6.3}% 51
\BOOKMARK [2][-]{subsection.6.3.4}{\376\377\000Z\000\341\000v\001\033\000r}{section.6.3}% 52
\BOOKMARK [1][-]{section.6.4}{\376\377\000O\000b\000j\000e\000k\000t\000\040\000A\000n\000g\000l\000i\000c\000k\000\341\000\040\0005\0007\0004\000,\000\040\000D\000o\000b\001\131\000i\000c\000h\000o\000v\000i\000c\000e}{chapter.6}% 53
\BOOKMARK [2][-]{subsection.6.4.1}{\376\377\000P\001\131\000\355\000s\000u\000n\000y\000\040\000r\000a\000d\000o\000n\000u}{section.6.4}% 54
\BOOKMARK [2][-]{subsection.6.4.2}{\376\377\000Z\000p\001\033\000t\000n\000\351\000\040\000o\000v\001\033\001\131\000e\000n\000\355}{section.6.4}% 55
\BOOKMARK [2][-]{subsection.6.4.3}{\376\377\000D\000i\000s\000k\000u\000z\000e}{section.6.4}% 56
\BOOKMARK [2][-]{subsection.6.4.4}{\376\377\000Z\000\341\000v\001\033\000r}{section.6.4}% 57
\BOOKMARK [1][-]{section.6.5}{\376\377\000S\000h\000r\000n\000u\000t\000\355}{chapter.6}% 58
\BOOKMARK [0][-]{chapter.7}{\376\377\000Z\000\341\000v\001\033\000r}{part.2}% 59
\BOOKMARK [1][-]{section.7.1}{\376\377\000D\000o\000t\000a\000z\000y}{chapter.7}% 60
\BOOKMARK [1][-]{section.7.2}{\376\377\000T\000O\000\040\000D\000O}{chapter.7}% 61
\BOOKMARK [0][-]{Item.6}{\376\377\000S\000e\000z\000n\000a\000m\000\040\000l\000i\000t\000e\000r\000a\000t\000u\000r\000y}{part.2}% 62
\BOOKMARK [0][-]{appendix.A}{\376\377\000P\000y\000t\000h\000o\000n\000\040\000s\000k\000r\000i\000p\000t\000\040\000p\000r\000o\000\040\000s\000y\000m\000b\000o\000l\000i\000c\000k\000\351\000\040\000u\000r\001\015\000e\000n\000\355\000\040\000n\000e\000j\000i\000s\000t\000o\000t\000\040\000p\001\131\000\355\000s\000u\000n\001\157\000\040\000r\000a\000d\000o\000n\000u}{part.2}% 63
\BOOKMARK [0][-]{appendix.B}{\376\377\000P\000y\000t\000h\000o\000n\000\040\000s\000k\000r\000i\000p\000t\000\040\000p\000r\000o\000\040\000v\000y\000h\000o\000d\000n\000o\000c\000e\000n\000\355\000\040\000d\000y\000n\000a\000m\000i\000c\000k\000\351\000h\000o\000\040\000m\001\033\001\131\000e\000n\000\355\000\040\000p\001\131\000\355\000s\000u\000n\001\157\000\040\000r\000a\000d\000o\000n\000u}{part.2}% 64
\BOOKMARK [0][-]{appendix.C}{\376\377\000C\000e\000r\000t\000i\000f\000i\000k\000\341\000t\000y\000\040\000z\000d\000r\000o\000j\001\157}{part.2}% 65
\BOOKMARK [0][-]{appendix.D}{\376\377\000P\001\131\000\355\000l\000o\000h\000y\000\040\000k\000\040\000o\000b\000j\000e\000k\000t\000u\000\040\000S\000k\000\341\000l\000a\000\040\0007\0005\000,\000\040\000o\000k\000r\000.\000\040\000H\000a\000v\000l\000\355\001\015\000k\001\157\000v\000\040\000B\000r\000o\000d}{part.2}% 66
\BOOKMARK [1][-]{section.D.1}{\376\377\000F\000o\000t\000o\000g\000r\000a\000f\000i\000e\000\040\000o\000b\000j\000e\000k\000t\000u}{appendix.D}% 67
\BOOKMARK [1][-]{section.D.2}{\376\377\000P\000o\000u\001\176\000i\000t\000\341\000\040\000m\001\033\001\131\000i\000d\000l\000a}{appendix.D}% 68
\BOOKMARK [1][-]{section.D.3}{\376\377\000N\000a\000m\001\033\001\131\000e\000n\000\351\000\040\000O\000A\000R\000,\000\040\000o\000b\000j\000e\000m\000y\000\040\000a\000\040\000t\000e\000p\000l\000o\000t\000y}{appendix.D}% 69
\BOOKMARK [2][-]{subsection.D.3.1}{\376\377\000P\000r\001\157\000m\001\033\000r\000n\000\351\000\040\000h\000o\000d\000n\000o\000t\000y\000\040\000O\000A\000R}{section.D.3}% 70
\BOOKMARK [1][-]{section.D.4}{\376\377\000O\000b\000j\000e\000m\000o\000v\000\351\000\040\000p\000r\001\157\000t\000o\000k\000y\000\040\000v\000z\000d\000u\000c\000h\000u}{appendix.D}% 71
\BOOKMARK [1][-]{section.D.5}{\376\377\000P\001\131\000\355\000s\000u\000n\000y\000\040\000r\000a\000d\000o\000n\000u\000\040\000-\000\040\000g\000r\000a\000f\000y\000\040\000a\000\040\000s\000t\000a\000t\000i\000s\000t\000i\000k\000y}{appendix.D}% 72
\BOOKMARK [0][-]{appendix.E}{\376\377\000P\001\131\000\355\000l\000o\000h\000y\000\040\000k\000\040\000o\000b\000j\000e\000k\000t\000u\000\040\000H\000\341\000l\000k\000o\000v\000\341\000\040\0009\0008\0000\000,\000\040\000H\000u\000m\000p\000o\000l\000e\000c}{part.2}% 73
\BOOKMARK [1][-]{section.E.1}{\376\377\000P\000o\000u\001\176\000i\000t\000\341\000\040\000m\001\033\001\131\000i\000d\000l\000a}{appendix.E}% 74
\BOOKMARK [1][-]{section.E.2}{\376\377\000N\000a\000m\001\033\001\131\000e\000n\000\351\000\040\000O\000A\000R\000,\000\040\000o\000b\000j\000e\000m\000y\000\040\000a\000\040\000t\000e\000p\000l\000o\000t\000y}{appendix.E}% 75
\BOOKMARK [1][-]{section.E.3}{\376\377\000O\000b\000j\000e\000m\000o\000v\000\351\000\040\000p\000r\001\157\000t\000o\000k\000y\000\040\000v\000z\000d\000u\000c\000h\000u}{appendix.E}% 76
\BOOKMARK [0][-]{appendix.F}{\376\377\000P\001\131\000\355\000l\000o\000h\000y\000\040\000k\000\040\000o\000b\000j\000e\000k\000t\000u\000\040\000A\000n\000g\000l\000i\000c\000k\000\341\000\040\0005\0007\0004\000,\000\040\000D\000o\000b\001\131\000i\000c\000h\000o\000v\000i\000c\000e}{part.2}% 77
\BOOKMARK [1][-]{section.F.1}{\376\377\000F\000o\000t\000o\000g\000r\000a\000f\000i\000e\000\040\000o\000b\000j\000e\000k\000t\000u}{appendix.F}% 78
\BOOKMARK [1][-]{section.F.2}{\376\377\000P\000o\000u\001\176\000i\000t\000\341\000\040\000m\001\033\001\131\000i\000d\000l\000a}{appendix.F}% 79
\BOOKMARK [1][-]{section.F.3}{\376\377\000N\000a\000m\001\033\001\131\000e\000n\000\351\000\040\000O\000A\000R\000,\000\040\000o\000b\000j\000e\000m\000y\000\040\000a\000\040\000t\000e\000p\000l\000o\000t\000y}{appendix.F}% 80
\BOOKMARK [1][-]{section.F.4}{\376\377\000O\000b\000j\000e\000m\000o\000v\000\351\000\040\000p\000r\001\157\000t\000o\000k\000y\000\040\000v\000z\000d\000u\000c\000h\000u}{appendix.F}% 81
\BOOKMARK [1][-]{section.F.5}{\376\377\000P\001\131\000\355\000s\000u\000n\000y\000\040\000r\000a\000d\000o\000n\000u\000\040\000-\000\040\000g\000r\000a\000f\000y\000\040\000a\000\040\000s\000t\000a\000t\000i\000s\000t\000i\000k\000y}{appendix.F}% 82
