This is pdfTeX, Version 3.14159265-2.6-1.40.19 (TeX Live 2018/Arch Linux) (preloaded format=pdflatex 2019.5.4)  30 JUN 2019 17:28
entering extended mode
 restricted \write18 enabled.
 file:line:error style messages enabled.
 %&-line parsing enabled.
**model.tex
(./model.tex
LaTeX2e <2018-12-01>
./model.tex:1: Undefined control sequence.
l.1 \chapter
            {Ur캜en칤 objemov칠 rychlosti p콏칤sunu zdroj콢 radonu}
The control sequence at the end of the top line
of your error message was never \def'ed. If you have
misspelled it (e.g., `\hobx'), type `I' and the correct
spelling (e.g., `I\hbox'). Otherwise just continue,
and I'll forget about whatever was undefined.


./model.tex:1: LaTeX Error: Missing \begin{document}.

See the LaTeX manual or LaTeX Companion for explanation.
Type  H <return>  for immediate help.
 ...                                              
                                                  
l.1 \chapter{U
              r캜en칤 objemov칠 rychlosti p콏칤sunu zdroj콢 radonu}
You're in trouble here.  Try typing  <return>  to proceed.
If that doesn't work, type  X <return>  to quit.

Missing character: There is no U in font nullfont!
Missing character: There is no r in font nullfont!
LaTeX Font Info:    Try loading font information for +cmr on input line 1.
LaTeX Font Info:    No file cmr.fd. on input line 1.

LaTeX Font Warning: Font shape `/cmr/m/n' undefined
(Font)              using `/cmr/m/n' instead on input line 1.

./model.tex:1: Corrupted NFSS tables.
wrong@fontshape ...message {Corrupted NFSS tables}
                                                  error@fontshape else let f...
l.1 \chapter{Ur캜
                 en칤 objemov칠 rychlosti p콏칤sunu zdroj콢 radonu}
This error message was generated by an \errmessage
command, so I can't give any explicit help.
Pretend that you're Hercule Poirot: Examine all clues,
and deduce the truth by order and method.


LaTeX Font Warning: Font shape `/cmr/m/n' undefined
(Font)              using `OT1/cmr/m/n' instead on input line 1.

Missing character: There is no e in font nullfont!
Missing character: There is no n in font nullfont!
Missing character: There is no o in font nullfont!
Missing character: There is no b in font nullfont!
Missing character: There is no j in font nullfont!
Missing character: There is no e in font nullfont!
Missing character: There is no m in font nullfont!
Missing character: There is no o in font nullfont!
Missing character: There is no v in font nullfont!
Missing character: There is no r in font nullfont!
Missing character: There is no y in font nullfont!
Missing character: There is no c in font nullfont!
Missing character: There is no h in font nullfont!
Missing character: There is no l in font nullfont!
Missing character: There is no o in font nullfont!
Missing character: There is no s in font nullfont!
Missing character: There is no t in font nullfont!
Missing character: There is no i in font nullfont!
Missing character: There is no p in font nullfont!
Missing character: There is no s in font nullfont!
Missing character: There is no u in font nullfont!
Missing character: There is no n in font nullfont!
Missing character: There is no u in font nullfont!
Missing character: There is no z in font nullfont!
Missing character: There is no d in font nullfont!
Missing character: There is no r in font nullfont!
Missing character: There is no o in font nullfont!
Missing character: There is no j in font nullfont!
Missing character: There is no r in font nullfont!
Missing character: There is no a in font nullfont!
Missing character: There is no d in font nullfont!
Missing character: There is no o in font nullfont!
Missing character: There is no n in font nullfont!
Missing character: There is no u in font nullfont!
Missing character: There is no V in font nullfont!
Missing character: There is no t in font nullfont!
Missing character: There is no t in font nullfont!
Missing character: There is no o in font nullfont!
Missing character: There is no k in font nullfont!
Missing character: There is no a in font nullfont!
Missing character: There is no p in font nullfont!
Missing character: There is no i in font nullfont!
Missing character: There is no t in font nullfont!
Missing character: There is no o in font nullfont!
Missing character: There is no l in font nullfont!
Missing character: There is no e in font nullfont!
Missing character: There is no j in font nullfont!
Missing character: There is no e in font nullfont!
Missing character: There is no p in font nullfont!
Missing character: There is no o in font nullfont!
Missing character: There is no p in font nullfont!
Missing character: There is no s in font nullfont!
Missing character: There is no n in font nullfont!
Missing character: There is no m in font nullfont!
Missing character: There is no o in font nullfont!
Missing character: There is no d in font nullfont!
Missing character: There is no e in font nullfont!
Missing character: There is no l in font nullfont!
Missing character: There is no p in font nullfont!
Missing character: There is no r in font nullfont!
Missing character: There is no o in font nullfont!
Missing character: There is no v in font nullfont!
Missing character: There is no p in font nullfont!
Missing character: There is no o in font nullfont!
Missing character: There is no e in font nullfont!
Missing character: There is no t in font nullfont!
Missing character: There is no o in font nullfont!
Missing character: There is no b in font nullfont!
Missing character: There is no j in font nullfont!
Missing character: There is no e in font nullfont!
Missing character: There is no m in font nullfont!
Missing character: There is no o in font nullfont!
Missing character: There is no v in font nullfont!
Missing character: There is no r in font nullfont!
Missing character: There is no y in font nullfont!
Missing character: There is no c in font nullfont!
Missing character: There is no h in font nullfont!
Missing character: There is no l in font nullfont!
Missing character: There is no o in font nullfont!
Missing character: There is no s in font nullfont!
Missing character: There is no t in font nullfont!
Missing character: There is no i in font nullfont!
Missing character: There is no p in font nullfont!
Missing character: There is no s in font nullfont!
Missing character: There is no u in font nullfont!
Missing character: There is no n in font nullfont!
Missing character: There is no u in font nullfont!
Missing character: There is no z in font nullfont!
Missing character: There is no d in font nullfont!
Missing character: There is no r in font nullfont!
Missing character: There is no o in font nullfont!
Missing character: There is no j in font nullfont!
Missing character: There is no r in font nullfont!
Missing character: There is no a in font nullfont!
Missing character: There is no d in font nullfont!
Missing character: There is no o in font nullfont!
Missing character: There is no n in font nullfont!
Missing character: There is no u in font nullfont!
Missing character: There is no ( in font nullfont!
Missing character: There is no z in font nullfont!
Missing character: There is no k in font nullfont!
Missing character: There is no r in font nullfont!
Missing character: There is no c in font nullfont!
Missing character: There is no e in font nullfont!
Missing character: There is no n in font nullfont!
Missing character: There is no p in font nullfont!
Missing character: There is no s in font nullfont!
Missing character: There is no u in font nullfont!
Missing character: There is no n in font nullfont!
Missing character: There is no r in font nullfont!
Missing character: There is no a in font nullfont!
Missing character: There is no d in font nullfont!
Missing character: There is no o in font nullfont!
Missing character: There is no n in font nullfont!
Missing character: There is no u in font nullfont!
Missing character: There is no ) in font nullfont!
Missing character: There is no d in font nullfont!
Missing character: There is no o in font nullfont!
Missing character: There is no j in font nullfont!
Missing character: There is no e in font nullfont!
Missing character: There is no d in font nullfont!
Missing character: There is no n in font nullfont!
Missing character: There is no o in font nullfont!
Missing character: There is no t in font nullfont!
Missing character: There is no l in font nullfont!
Missing character: There is no i in font nullfont!
Missing character: There is no v in font nullfont!
Missing character: There is no c in font nullfont!
Missing character: There is no h in font nullfont!
Missing character: There is no k in font nullfont!
Missing character: There is no o in font nullfont!
Missing character: There is no m in font nullfont!
Missing character: There is no p in font nullfont!
Missing character: There is no a in font nullfont!
Missing character: There is no r in font nullfont!
Missing character: There is no t in font nullfont!
Missing character: There is no m in font nullfont!
Missing character: There is no e in font nullfont!
Missing character: There is no n in font nullfont!
Missing character: There is no t in font nullfont!
Missing character: There is no z in font nullfont!
Missing character: There is no k in font nullfont!
Missing character: There is no o in font nullfont!
Missing character: There is no u in font nullfont!
Missing character: There is no m in font nullfont!
Missing character: There is no a in font nullfont!
Missing character: There is no n in font nullfont!
Missing character: There is no h in font nullfont!
Missing character: There is no o in font nullfont!
Missing character: There is no o in font nullfont!
Missing character: There is no b in font nullfont!
Missing character: There is no j in font nullfont!
Missing character: There is no e in font nullfont!
Missing character: There is no k in font nullfont!
Missing character: There is no t in font nullfont!
Missing character: There is no u in font nullfont!
Missing character: There is no . in font nullfont!
Missing character: There is no S in font nullfont!
Missing character: There is no l in font nullfont!
Missing character: There is no o in font nullfont!
Missing character: There is no v in font nullfont!
Missing character: There is no o in font nullfont!
Missing character: There is no k in font nullfont!
Missing character: There is no o in font nullfont!
Missing character: There is no m in font nullfont!
Missing character: There is no p in font nullfont!
Missing character: There is no a in font nullfont!
Missing character: There is no r in font nullfont!
Missing character: There is no t in font nullfont!
Missing character: There is no m in font nullfont!
Missing character: There is no e in font nullfont!
Missing character: There is no n in font nullfont!
Missing character: There is no t in font nullfont!
Missing character: There is no j in font nullfont!
Missing character: There is no e in font nullfont!
Missing character: There is no z in font nullfont!
Missing character: There is no d in font nullfont!
Missing character: There is no e in font nullfont!
Missing character: There is no a in font nullfont!
Missing character: There is no s in font nullfont!
Missing character: There is no t in font nullfont!
Missing character: There is no o in font nullfont!
Missing character: There is no n in font nullfont!
Missing character: There is no a in font nullfont!
Missing character: There is no h in font nullfont!
Missing character: There is no r in font nullfont!
Missing character: There is no a in font nullfont!
Missing character: There is no z in font nullfont!
Missing character: There is no o in font nullfont!
Missing character: There is no v in font nullfont!
Missing character: There is no n in font nullfont!
Missing character: There is no o in font nullfont!
Missing character: There is no k in font nullfont!
Missing character: There is no r in font nullfont!
Missing character: There is no a in font nullfont!
Missing character: There is no t in font nullfont!
Missing character: There is no m in font nullfont!
Missing character: There is no s in font nullfont!
Missing character: There is no y in font nullfont!
Missing character: There is no n in font nullfont!
Missing character: There is no o in font nullfont!
Missing character: There is no n in font nullfont!
Missing character: There is no y in font nullfont!
Missing character: There is no m in font nullfont!
Missing character: There is no e in font nullfont!
Missing character: There is no m in font nullfont!
Missing character: There is no z in font nullfont!
Missing character: There is no n in font nullfont!
Missing character: There is no a in font nullfont!
Missing character: There is no . in font nullfont!

Overfull \hbox (32.22224pt too wide) in paragraph at lines 1--3
[]\/cmr/m/n/10 ^^Tc^^S^^P
 []


Overfull \hbox (4.44444pt too wide) in paragraph at lines 1--3
\/cmr/m/n/10 ^^Se
 []


Overfull \hbox (6.69446pt too wide) in paragraph at lines 1--3
\/cmr/m/n/10 ^^Tr^^S^^P
 []


Overfull \hbox (5.55557pt too wide) in paragraph at lines 1--3
\/cmr/m/n/10 ^^Wu
 []


Overfull \hbox (4.44444pt too wide) in paragraph at lines 1--3
\/cmr/m/n/10 ^^Se
 []


Overfull \hbox (5.00002pt too wide) in paragraph at lines 1--3
\/cmr/m/n/10 ^^Sa
 []


Overfull \hbox (9.72224pt too wide) in paragraph at lines 1--3
\/cmr/m/n/10 ^^Sy^^Tc
 []


Overfull \hbox (4.44444pt too wide) in paragraph at lines 1--3
\/cmr/m/n/10 ^^Se
 []


Overfull \hbox (6.69446pt too wide) in paragraph at lines 1--3
\/cmr/m/n/10 ^^Tr^^S^^P
 []


Overfull \hbox (5.55557pt too wide) in paragraph at lines 1--3
\/cmr/m/n/10 ^^Wu
 []


Overfull \hbox (9.44446pt too wide) in paragraph at lines 1--3
\/cmr/m/n/10 ^^Sa^^Te
 []


Overfull \hbox (12.25003pt too wide) in paragraph at lines 1--3
\/cmr/m/n/10 ^^Tr^^S^^P^^Wu
 []


Overfull \hbox (5.2778pt too wide) in paragraph at lines 1--3
\/cmr/m/n/10 ^^Sy
 []


Overfull \hbox (5.55557pt too wide) in paragraph at lines 1--3
\/cmr/m/n/10 ^^Wu
 []


Overfull \hbox (4.44444pt too wide) in paragraph at lines 1--3
\/cmr/m/n/10 ^^Se
 []


Overfull \hbox (4.44444pt too wide) in paragraph at lines 1--3
\/cmr/m/n/10 ^^Tc
 []


Overfull \hbox (5.00002pt too wide) in paragraph at lines 1--3
\/cmr/m/n/10 ^^Sa
 []


Overfull \hbox (6.72223pt too wide) in paragraph at lines 1--3
\/cmr/m/n/10 ^^Ts^^S^^P
 []


Overfull \hbox (5.00002pt too wide) in paragraph at lines 1--3
\/cmr/m/n/10 ^^So 
 []


./model.tex:4: LaTeX Error: Missing \begin{document}.

See the LaTeX manual or LaTeX Companion for explanation.
Type  H <return>  for immediate help.
 ...                                              
                                                  
l.4 U
     va쬿jme obecn칠 rozd캩len칤 objektu na $N$ z칩n. Pro ur캜en칤 p콏칤sun...

You're in trouble here.  Try typing  <return>  to proceed.
If that doesn't work, type  X <return>  to quit.

Missing character: There is no U in font nullfont!
Missing character: There is no v in font nullfont!
Missing character: There is no a in font nullfont!
Missing character: There is no u in font nullfont!
Missing character: There is no j in font nullfont!
Missing character: There is no m in font nullfont!
Missing character: There is no e in font nullfont!
Missing character: There is no o in font nullfont!
Missing character: There is no b in font nullfont!
Missing character: There is no e in font nullfont!
Missing character: There is no c in font nullfont!
Missing character: There is no n in font nullfont!
Missing character: There is no r in font nullfont!
Missing character: There is no o in font nullfont!
Missing character: There is no z in font nullfont!
Missing character: There is no d in font nullfont!
Missing character: There is no l in font nullfont!
Missing character: There is no e in font nullfont!
Missing character: There is no n in font nullfont!
Missing character: There is no o in font nullfont!
Missing character: There is no b in font nullfont!
Missing character: There is no j in font nullfont!
Missing character: There is no e in font nullfont!
Missing character: There is no k in font nullfont!
Missing character: There is no t in font nullfont!
Missing character: There is no u in font nullfont!
Missing character: There is no n in font nullfont!
Missing character: There is no a in font nullfont!
LaTeX Font Info:    External font `cmex10' loaded for size
(Font)              <7> on input line 4.
LaTeX Font Info:    External font `cmex10' loaded for size
(Font)              <5> on input line 4.
Missing character: There is no z in font nullfont!
Missing character: There is no n in font nullfont!
Missing character: There is no . in font nullfont!
Missing character: There is no P in font nullfont!
Missing character: There is no r in font nullfont!
Missing character: There is no o in font nullfont!
Missing character: There is no u in font nullfont!
Missing character: There is no r in font nullfont!
Missing character: There is no e in font nullfont!
Missing character: There is no n in font nullfont!
Missing character: There is no p in font nullfont!
Missing character: There is no s in font nullfont!
Missing character: There is no u in font nullfont!
Missing character: There is no n in font nullfont!
Missing character: There is no r in font nullfont!
Missing character: There is no a in font nullfont!
Missing character: There is no d in font nullfont!
Missing character: There is no o in font nullfont!
Missing character: There is no n in font nullfont!
Missing character: There is no u in font nullfont!
Missing character: There is no p in font nullfont!
Missing character: There is no o in font nullfont!
Missing character: There is no t in font nullfont!
Missing character: There is no e in font nullfont!
Missing character: There is no b in font nullfont!
Missing character: There is no u in font nullfont!
Missing character: There is no j in font nullfont!
Missing character: There is no e in font nullfont!
Missing character: There is no m in font nullfont!
Missing character: There is no e in font nullfont!
Missing character: There is no z in font nullfont!
Missing character: There is no n in font nullfont!
Missing character: There is no t in font nullfont!
Missing character: There is no O in font nullfont!
Missing character: There is no A in font nullfont!
Missing character: There is no R in font nullfont!
Missing character: There is no ( in font nullfont!
Missing character: There is no o in font nullfont!
Missing character: There is no b in font nullfont!
Missing character: There is no j in font nullfont!
Missing character: There is no e in font nullfont!
Missing character: There is no m in font nullfont!
Missing character: There is no o in font nullfont!
Missing character: There is no v in font nullfont!
Missing character: There is no a in font nullfont!
Missing character: There is no k in font nullfont!
Missing character: There is no t in font nullfont!
Missing character: There is no i in font nullfont!
Missing character: There is no v in font nullfont!
Missing character: There is no i in font nullfont!
Missing character: There is no t in font nullfont!
Missing character: There is no a in font nullfont!
Missing character: There is no r in font nullfont!
Missing character: There is no a in font nullfont!
Missing character: There is no d in font nullfont!
Missing character: There is no o in font nullfont!
Missing character: There is no n in font nullfont!
Missing character: There is no u in font nullfont!
Missing character: There is no ) in font nullfont!
Missing character: There is no v in font nullfont!
Missing character: There is no e in font nullfont!
Missing character: There is no v in font nullfont!
Missing character: There is no e in font nullfont!
Missing character: There is no c in font nullfont!
Missing character: There is no h in font nullfont!
Missing character: There is no z in font nullfont!
Missing character: There is no n in font nullfont!
Missing character: There is no c in font nullfont!
Missing character: There is no h in font nullfont!
Missing character: There is no , in font nullfont!
Missing character: There is no o in font nullfont!
Missing character: There is no b in font nullfont!
Missing character: There is no j in font nullfont!
Missing character: There is no e in font nullfont!
Missing character: There is no m in font nullfont!
Missing character: There is no o in font nullfont!
Missing character: There is no v in font nullfont!
Missing character: There is no p in font nullfont!
Missing character: There is no r in font nullfont!
Missing character: There is no t in font nullfont!
Missing character: There is no o in font nullfont!
Missing character: There is no k in font nullfont!
Missing character: There is no y in font nullfont!
Missing character: There is no v in font nullfont!
Missing character: There is no z in font nullfont!
Missing character: There is no d in font nullfont!
Missing character: There is no u in font nullfont!
Missing character: There is no c in font nullfont!
Missing character: There is no h in font nullfont!
Missing character: There is no u in font nullfont!
Missing character: There is no m in font nullfont!
Missing character: There is no e in font nullfont!
Missing character: There is no z in font nullfont!
Missing character: There is no i in font nullfont!
Missing character: There is no j in font nullfont!
Missing character: There is no e in font nullfont!
Missing character: There is no d in font nullfont!
Missing character: There is no n in font nullfont!
Missing character: There is no o in font nullfont!
Missing character: There is no t in font nullfont!
Missing character: There is no l in font nullfont!
Missing character: There is no i in font nullfont!
Missing character: There is no v in font nullfont!
Missing character: There is no m in font nullfont!
Missing character: There is no i in font nullfont!
Missing character: There is no z in font nullfont!
Missing character: There is no n in font nullfont!
Missing character: There is no a in font nullfont!
Missing character: There is no m in font nullfont!
Missing character: There is no i in font nullfont!
Missing character: There is no a in font nullfont!
Missing character: There is no o in font nullfont!
Missing character: There is no b in font nullfont!
Missing character: There is no j in font nullfont!
Missing character: There is no e in font nullfont!
Missing character: There is no m in font nullfont!
Missing character: There is no y in font nullfont!
Missing character: There is no z in font nullfont!
Missing character: There is no n in font nullfont!
Missing character: There is no . in font nullfont!
Missing character: There is no T in font nullfont!
Missing character: There is no y in font nullfont!
Missing character: There is no t in font nullfont!
Missing character: There is no o in font nullfont!
Missing character: There is no v in font nullfont!
Missing character: There is no e in font nullfont!
Missing character: There is no l in font nullfont!
Missing character: There is no i in font nullfont!
Missing character: There is no i in font nullfont!
Missing character: There is no n in font nullfont!
Missing character: There is no y in font nullfont!
Missing character: There is no j in font nullfont!
Missing character: There is no s in font nullfont!
Missing character: There is no o in font nullfont!
Missing character: There is no u in font nullfont!
Missing character: There is no s in font nullfont!
Missing character: There is no v in font nullfont!
Missing character: There is no z in font nullfont!
Missing character: There is no n in font nullfont!
Missing character: There is no y in font nullfont!
Missing character: There is no n in font nullfont!
Missing character: There is no s in font nullfont!
Missing character: There is no l in font nullfont!
Missing character: There is no e in font nullfont!
Missing character: There is no d in font nullfont!
Missing character: There is no u in font nullfont!
Missing character: There is no j in font nullfont!
Missing character: There is no c in font nullfont!
Missing character: There is no s in font nullfont!
Missing character: There is no o in font nullfont!
Missing character: There is no u in font nullfont!
Missing character: There is no s in font nullfont!
Missing character: There is no t in font nullfont!
Missing character: There is no a in font nullfont!
Missing character: There is no v in font nullfont!
Missing character: There is no o in font nullfont!
Missing character: There is no u in font nullfont!
Missing character: There is no d in font nullfont!
Missing character: There is no i in font nullfont!
Missing character: There is no f in font nullfont!
Missing character: There is no e in font nullfont!
Missing character: There is no r in font nullfont!
Missing character: There is no e in font nullfont!
Missing character: There is no n in font nullfont!
Missing character: There is no c in font nullfont!
Missing character: There is no i in font nullfont!
Missing character: There is no l in font nullfont!
Missing character: There is no n in font nullfont!
Missing character: There is no c in font nullfont!
Missing character: There is no h in font nullfont!
Missing character: There is no r in font nullfont!
Missing character: There is no o in font nullfont!
Missing character: There is no v in font nullfont!
Missing character: There is no n in font nullfont!
Missing character: There is no i in font nullfont!
Missing character: There is no c in font nullfont!

Overfull \hbox (24.44444pt too wide) in paragraph at lines 4--5
[]\/cmr/m/n/10 ^^Tz
 []


Overfull \hbox (4.44444pt too wide) in paragraph at lines 4--5
\/cmr/m/n/10 ^^Se
 []


Overfull \hbox (7.22223pt too wide) in paragraph at lines 4--5
\/cmr/m/n/10 ^^Te^^S^^P
 []


Overfull \hbox (9.12497pt too wide) in paragraph at lines 4--5
\OML/cmm/m/it/10 N$
 []


Overfull \hbox (5.00002pt too wide) in paragraph at lines 4--5
\/cmr/m/n/10 ^^So
 []


Overfull \hbox (7.22223pt too wide) in paragraph at lines 4--5
\/cmr/m/n/10 ^^Tc^^S^^P
 []


Overfull \hbox (12.25003pt too wide) in paragraph at lines 4--5
\/cmr/m/n/10 ^^Tr^^S^^P^^Wu
 []


Overfull \hbox (66.94011pt too wide) in paragraph at lines 4--5
\OML/cmm/m/it/10 Q[]; Q[]; [] ; Q[]$
 []


Overfull \hbox (3.91667pt too wide) in paragraph at lines 4--5
\/cmr/m/n/10 ^^Tr
 []


Overfull \hbox (5.00002pt too wide) in paragraph at lines 4--5
\/cmr/m/n/10 ^^Sa
 []


Overfull \hbox (5.00002pt too wide) in paragraph at lines 4--5
\/cmr/m/n/10 ^^Sa
 []


Overfull \hbox (3.94444pt too wide) in paragraph at lines 4--5
\/cmr/m/n/10 ^^Ts
 []


Overfull \hbox (10.00003pt too wide) in paragraph at lines 4--5
\/cmr/m/n/10 ^^So^^Sa
 []


Overfull \hbox (4.44444pt too wide) in paragraph at lines 4--5
\/cmr/m/n/10 ^^Se
 []


Overfull \hbox (5.55557pt too wide) in paragraph at lines 4--5
\/cmr/m/n/10 ^^Wu
 []


Overfull \hbox (5.2778pt too wide) in paragraph at lines 4--5
\/cmr/m/n/10 ^^Sy
 []


Overfull \hbox (5.00002pt too wide) in paragraph at lines 4--5
\/cmr/m/n/10 ^^So
 []


Overfull \hbox (5.00002pt too wide) in paragraph at lines 4--5
\/cmr/m/n/10 ^^So
 []


Overfull \hbox (4.44444pt too wide) in paragraph at lines 4--5
\/cmr/m/n/10 ^^Tc
 []


Overfull \hbox (10.00003pt too wide) in paragraph at lines 4--5
\/cmr/m/n/10 ^^Sa^^Sa
 []


Overfull \hbox (10.55559pt too wide) in paragraph at lines 4--5
\/cmr/m/n/10 ^^Sa^^S^^P^^S^^P
 []


Overfull \hbox (7.7778pt too wide) in paragraph at lines 4--5
\/cmr/m/n/10 ^^Sa^^S^^P
 []


Overfull \hbox (268.51816pt too wide) detected at line 7
[] \/cmr/m/n/10 = [] [] \OMS/cmsy/m/n/10 ^^@ \OML/cmm/m/it/10 ^^Ua[] \/cmr/m/n/
10 + \OML/cmm/m/it/10 Q[] ;  i \OMS/cmsy/m/n/10 2 f\/cmr/m/n/10 1\OML/cmm/m/it/
10 ; \/cmr/m/n/10 2\OML/cmm/m/it/10 ; [] ; N\OMS/cmsy/m/n/10 g \OML/cmm/m/it/10
 ;[]
 []

Missing character: There is no z in font nullfont!
Missing character: There is no n in font nullfont!
Missing character: There is no a in font nullfont!
Missing character: There is no e in font nullfont!
Missing character: There is no n in font nullfont!
Missing character: There is no j in font nullfont!
Missing character: There is no e in font nullfont!
Missing character: There is no v in font nullfont!
Missing character: There is no y in font nullfont!
Missing character: There is no s in font nullfont!
Missing character: There is no v in font nullfont!
Missing character: There is no t in font nullfont!
Missing character: There is no l in font nullfont!
Missing character: There is no e in font nullfont!
Missing character: There is no n in font nullfont!
Missing character: There is no o in font nullfont!
Missing character: There is no v in font nullfont!
Missing character: There is no t in font nullfont!
Missing character: There is no a in font nullfont!
Missing character: There is no b in font nullfont!
Missing character: There is no . in font nullfont!
./model.tex:8: Undefined control sequence.
<write> ... `tab:model_veliciny' on page \thepage 
                                                  \space undefined\on@line .
l.8 ...vysv캩tleno v tab.~\ref{tab:model_veliciny}
                                                  .
The control sequence at the end of the top line
of your error message was never \def'ed. If you have
misspelled it (e.g., `\hobx'), type `I' and the correct
spelling (e.g., `I\hbox'). Otherwise just continue,
and I'll forget about whatever was undefined.


LaTeX Warning: Reference `tab:model_veliciny' on page  undefined on input line 
8.

Missing character: There is no . in font nullfont!

./model.tex:9: LaTeX Error: Environment table undefined.

See the LaTeX manual or LaTeX Companion for explanation.
Type  H <return>  for immediate help.
 ...                                              
                                                  
l.9 \begin{table}
                 [ht]
Your command was ignored.
Type  I <command> <return>  to replace it with another command,
or  <return>  to continue without it.

Missing character: There is no [ in font nullfont!
Missing character: There is no h in font nullfont!
Missing character: There is no t in font nullfont!
Missing character: There is no ] in font nullfont!

./model.tex:11: LaTeX Error: \caption outside float.

See the LaTeX manual or LaTeX Companion for explanation.
Type  H <return>  for immediate help.
 ...                                              
                                                  
l.11     \caption
                 {Zna캜en칤 veli캜in vystupuj칤c칤ch v soustav캩 rovnic~\ref...

You're in trouble here.  Try typing  <return>  to proceed.
If that doesn't work, type  X <return>  to quit.

Missing character: There is no Z in font nullfont!
Missing character: There is no n in font nullfont!
Missing character: There is no a in font nullfont!
Missing character: There is no e in font nullfont!
Missing character: There is no n in font nullfont!
Missing character: There is no v in font nullfont!
Missing character: There is no e in font nullfont!
Missing character: There is no l in font nullfont!
Missing character: There is no i in font nullfont!
Missing character: There is no i in font nullfont!
Missing character: There is no n in font nullfont!
Missing character: There is no v in font nullfont!
Missing character: There is no y in font nullfont!
Missing character: There is no s in font nullfont!
Missing character: There is no t in font nullfont!
Missing character: There is no u in font nullfont!
Missing character: There is no p in font nullfont!
Missing character: There is no u in font nullfont!
Missing character: There is no j in font nullfont!
Missing character: There is no c in font nullfont!
Missing character: There is no c in font nullfont!
Missing character: There is no h in font nullfont!
Missing character: There is no v in font nullfont!
Missing character: There is no s in font nullfont!
Missing character: There is no o in font nullfont!
Missing character: There is no u in font nullfont!
Missing character: There is no s in font nullfont!
Missing character: There is no t in font nullfont!
Missing character: There is no a in font nullfont!
Missing character: There is no v in font nullfont!
Missing character: There is no r in font nullfont!
Missing character: There is no o in font nullfont!
Missing character: There is no v in font nullfont!
Missing character: There is no n in font nullfont!
Missing character: There is no i in font nullfont!
Missing character: There is no c in font nullfont!
./model.tex:11: Undefined control sequence.
<write> ...rence `eq:odvozovani' on page \thepage 
                                                  \space undefined\on@line .
l.11 ...셖h v soustav캩 rovnic~\ref{eq:odvozovani}
                                                  .}
The control sequence at the end of the top line
of your error message was never \def'ed. If you have
misspelled it (e.g., `\hobx'), type `I' and the correct
spelling (e.g., `I\hbox'). Otherwise just continue,
and I'll forget about whatever was undefined.


LaTeX Warning: Reference `eq:odvozovani' on page  undefined on input line 11.

Missing character: There is no . in font nullfont!
./model.tex:14: Undefined control sequence.
l.14         \toprule
                     
The control sequence at the end of the top line
of your error message was never \def'ed. If you have
misspelled it (e.g., `\hobx'), type `I' and the correct
spelling (e.g., `I\hbox'). Otherwise just continue,
and I'll forget about whatever was undefined.

Missing character: There is no O in font nullfont!
Missing character: There is no A in font nullfont!
Missing character: There is no R in font nullfont!
Missing character: There is no v in font nullfont!
Missing character: There is no - in font nullfont!
Missing character: There is no t in font nullfont!
Missing character: There is no z in font nullfont!
Missing character: There is no n in font nullfont!
Missing character: There is no [ in font nullfont!
./model.tex:15: Undefined control sequence.
l.15         $a_i$ & OAR v $i$-t칠 z칩n캩& [\si
                                               {Bq/m^3}] \\
The control sequence at the end of the top line
of your error message was never \def'ed. If you have
misspelled it (e.g., `\hobx'), type `I' and the correct
spelling (e.g., `I\hbox'). Otherwise just continue,
and I'll forget about whatever was undefined.

Missing character: There is no B in font nullfont!
Missing character: There is no q in font nullfont!
Missing character: There is no / in font nullfont!
Missing character: There is no m in font nullfont!
./model.tex:15: Missing $ inserted.
<inserted text> 
                $
l.15 ...  $a_i$ & OAR v $i$-t칠 z칩n캩& [\si{Bq/m^
                                                  3}] \\
I've inserted a begin-math/end-math symbol since I think
you left one out. Proceed, with fingers crossed.

./model.tex:15: Extra }, or forgotten $.
l.15 ...$a_i$ & OAR v $i$-t칠 z칩n캩& [\si{Bq/m^3}
                                                  ] \\
I've deleted a group-closing symbol because it seems to be
spurious, as in `$x}$'. But perhaps the } is legitimate and
you forgot something else, as in `\hbox{$x}'. In such cases
the way to recover is to insert both the forgotten and the
deleted material, e.g., by typing `I$}'.

./model.tex:16: Missing } inserted.
<inserted text> 
                }
l.16         $
              \dot{a_i}$ & 캜asov치 derivace $a_i$ & $\left[\si{\frac{Bq}{m^...
I've put in what seems to be necessary to fix
the current column of the current alignment.
Try to go on, since this might almost work.

./model.tex:16: Extra }, or forgotten $.
<inserted text> }
                 
l.16         $
              \dot{a_i}$ & 캜asov치 derivace $a_i$ & $\left[\si{\frac{Bq}{m^...
I've deleted a group-closing symbol because it seems to be
spurious, as in `$x}$'. But perhaps the } is legitimate and
you forgot something else, as in `\hbox{$x}'. In such cases
the way to recover is to insert both the forgotten and the
deleted material, e.g., by typing `I$}'.

./model.tex:16: Missing } inserted.
<inserted text> 
                }
l.16         $
              \dot{a_i}$ & 캜asov치 derivace $a_i$ & $\left[\si{\frac{Bq}{m^...
I've put in what seems to be necessary to fix
the current column of the current alignment.
Try to go on, since this might almost work.

./model.tex:16: Extra }, or forgotten $.
<inserted text> }
                 
l.16         $
              \dot{a_i}$ & 캜asov치 derivace $a_i$ & $\left[\si{\frac{Bq}{m^...
I've deleted a group-closing symbol because it seems to be
spurious, as in `$x}$'. But perhaps the } is legitimate and
you forgot something else, as in `\hbox{$x}'. In such cases
the way to recover is to insert both the forgotten and the
deleted material, e.g., by typing `I$}'.

./model.tex:16: Missing } inserted.
<inserted text> 
                }
l.16         $
              \dot{a_i}$ & 캜asov치 derivace $a_i$ & $\left[\si{\frac{Bq}{m^...
I've put in what seems to be necessary to fix
the current column of the current alignment.
Try to go on, since this might almost work.

./model.tex:16: Extra }, or forgotten $.
<inserted text> }
                 
l.16         $
              \dot{a_i}$ & 캜asov치 derivace $a_i$ & $\left[\si{\frac{Bq}{m^...
I've deleted a group-closing symbol because it seems to be
spurious, as in `$x}$'. But perhaps the } is legitimate and
you forgot something else, as in `\hbox{$x}'. In such cases
the way to recover is to insert both the forgotten and the
deleted material, e.g., by typing `I$}'.

./model.tex:16: Missing } inserted.
<inserted text> 
                }
l.16         $
              \dot{a_i}$ & 캜asov치 derivace $a_i$ & $\left[\si{\frac{Bq}{m^...
I've put in what seems to be necessary to fix
the current column of the current alignment.
Try to go on, since this might almost work.

./model.tex:16: Extra }, or forgotten $.
<inserted text> }
                 
l.16         $
              \dot{a_i}$ & 캜asov치 derivace $a_i$ & $\left[\si{\frac{Bq}{m^...
I've deleted a group-closing symbol because it seems to be
spurious, as in `$x}$'. But perhaps the } is legitimate and
you forgot something else, as in `\hbox{$x}'. In such cases
the way to recover is to insert both the forgotten and the
deleted material, e.g., by typing `I$}'.

./model.tex:16: Missing } inserted.
<inserted text> 
                }
l.16         $
              \dot{a_i}$ & 캜asov치 derivace $a_i$ & $\left[\si{\frac{Bq}{m^...
I've put in what seems to be necessary to fix
the current column of the current alignment.
Try to go on, since this might almost work.

./model.tex:16: Extra }, or forgotten $.
<inserted text> }
                 
l.16         $
              \dot{a_i}$ & 캜asov치 derivace $a_i$ & $\left[\si{\frac{Bq}{m^...
I've deleted a group-closing symbol because it seems to be
spurious, as in `$x}$'. But perhaps the } is legitimate and
you forgot something else, as in `\hbox{$x}'. In such cases
the way to recover is to insert both the forgotten and the
deleted material, e.g., by typing `I$}'.

./model.tex:16: Missing } inserted.
<inserted text> 
                }
l.16         $
              \dot{a_i}$ & 캜asov치 derivace $a_i$ & $\left[\si{\frac{Bq}{m^...
I've put in what seems to be necessary to fix
the current column of the current alignment.
Try to go on, since this might almost work.

./model.tex:16: Extra }, or forgotten $.
<inserted text> }
                 
l.16         $
              \dot{a_i}$ & 캜asov치 derivace $a_i$ & $\left[\si{\frac{Bq}{m^...
I've deleted a group-closing symbol because it seems to be
spurious, as in `$x}$'. But perhaps the } is legitimate and
you forgot something else, as in `\hbox{$x}'. In such cases
the way to recover is to insert both the forgotten and the
deleted material, e.g., by typing `I$}'.

./model.tex:16: Missing } inserted.
<inserted text> 
                }
l.16         $
              \dot{a_i}$ & 캜asov치 derivace $a_i$ & $\left[\si{\frac{Bq}{m^...
I've put in what seems to be necessary to fix
the current column of the current alignment.
Try to go on, since this might almost work.

./model.tex:16: Extra }, or forgotten $.
<inserted text> }
                 
l.16         $
              \dot{a_i}$ & 캜asov치 derivace $a_i$ & $\left[\si{\frac{Bq}{m^...
I've deleted a group-closing symbol because it seems to be
spurious, as in `$x}$'. But perhaps the } is legitimate and
you forgot something else, as in `\hbox{$x}'. In such cases
the way to recover is to insert both the forgotten and the
deleted material, e.g., by typing `I$}'.

./model.tex:16: Missing } inserted.
<inserted text> 
                }
l.16         $
              \dot{a_i}$ & 캜asov치 derivace $a_i$ & $\left[\si{\frac{Bq}{m^...
I've put in what seems to be necessary to fix
the current column of the current alignment.
Try to go on, since this might almost work.

./model.tex:16: Extra }, or forgotten $.
<inserted text> }
                 
l.16         $
              \dot{a_i}$ & 캜asov치 derivace $a_i$ & $\left[\si{\frac{Bq}{m^...
I've deleted a group-closing symbol because it seems to be
spurious, as in `$x}$'. But perhaps the } is legitimate and
you forgot something else, as in `\hbox{$x}'. In such cases
the way to recover is to insert both the forgotten and the
deleted material, e.g., by typing `I$}'.

./model.tex:16: Missing } inserted.
<inserted text> 
                }
l.16         $
              \dot{a_i}$ & 캜asov치 derivace $a_i$ & $\left[\si{\frac{Bq}{m^...
I've put in what seems to be necessary to fix
the current column of the current alignment.
Try to go on, since this might almost work.

./model.tex:16: Extra }, or forgotten $.
<inserted text> }
                 
l.16         $
              \dot{a_i}$ & 캜asov치 derivace $a_i$ & $\left[\si{\frac{Bq}{m^...
I've deleted a group-closing symbol because it seems to be
spurious, as in `$x}$'. But perhaps the } is legitimate and
you forgot something else, as in `\hbox{$x}'. In such cases
the way to recover is to insert both the forgotten and the
deleted material, e.g., by typing `I$}'.

./model.tex:16: Missing } inserted.
<inserted text> 
                }
l.16         $
              \dot{a_i}$ & 캜asov치 derivace $a_i$ & $\left[\si{\frac{Bq}{m^...
I've put in what seems to be necessary to fix
the current column of the current alignment.
Try to go on, since this might almost work.

./model.tex:16: Extra }, or forgotten $.
<inserted text> }
                 
l.16         $
              \dot{a_i}$ & 캜asov치 derivace $a_i$ & $\left[\si{\frac{Bq}{m^...
I've deleted a group-closing symbol because it seems to be
spurious, as in `$x}$'. But perhaps the } is legitimate and
you forgot something else, as in `\hbox{$x}'. In such cases
the way to recover is to insert both the forgotten and the
deleted material, e.g., by typing `I$}'.

./model.tex:16: Missing } inserted.
<inserted text> 
                }
l.16         $
              \dot{a_i}$ & 캜asov치 derivace $a_i$ & $\left[\si{\frac{Bq}{m^...
I've put in what seems to be necessary to fix
the current column of the current alignment.
Try to go on, since this might almost work.

./model.tex:16: Extra }, or forgotten $.
<inserted text> }
                 
l.16         $
              \dot{a_i}$ & 캜asov치 derivace $a_i$ & $\left[\si{\frac{Bq}{m^...
I've deleted a group-closing symbol because it seems to be
spurious, as in `$x}$'. But perhaps the } is legitimate and
you forgot something else, as in `\hbox{$x}'. In such cases
the way to recover is to insert both the forgotten and the
deleted material, e.g., by typing `I$}'.

./model.tex:16: Missing } inserted.
<inserted text> 
                }
l.16         $
              \dot{a_i}$ & 캜asov치 derivace $a_i$ & $\left[\si{\frac{Bq}{m^...
I've put in what seems to be necessary to fix
the current column of the current alignment.
Try to go on, since this might almost work.

./model.tex:16: Extra }, or forgotten $.
<inserted text> }
                 
l.16         $
              \dot{a_i}$ & 캜asov치 derivace $a_i$ & $\left[\si{\frac{Bq}{m^...
I've deleted a group-closing symbol because it seems to be
spurious, as in `$x}$'. But perhaps the } is legitimate and
you forgot something else, as in `\hbox{$x}'. In such cases
the way to recover is to insert both the forgotten and the
deleted material, e.g., by typing `I$}'.

./model.tex:16: Missing } inserted.
<inserted text> 
                }
l.16         $
              \dot{a_i}$ & 캜asov치 derivace $a_i$ & $\left[\si{\frac{Bq}{m^...
I've put in what seems to be necessary to fix
the current column of the current alignment.
Try to go on, since this might almost work.

./model.tex:16: Extra }, or forgotten $.
<inserted text> }
                 
l.16         $
              \dot{a_i}$ & 캜asov치 derivace $a_i$ & $\left[\si{\frac{Bq}{m^...
I've deleted a group-closing symbol because it seems to be
spurious, as in `$x}$'. But perhaps the } is legitimate and
you forgot something else, as in `\hbox{$x}'. In such cases
the way to recover is to insert both the forgotten and the
deleted material, e.g., by typing `I$}'.

./model.tex:16: Missing } inserted.
<inserted text> 
                }
l.16         $
              \dot{a_i}$ & 캜asov치 derivace $a_i$ & $\left[\si{\frac{Bq}{m^...
I've put in what seems to be necessary to fix
the current column of the current alignment.
Try to go on, since this might almost work.

./model.tex:16: Extra }, or forgotten $.
<inserted text> }
                 
l.16         $
              \dot{a_i}$ & 캜asov치 derivace $a_i$ & $\left[\si{\frac{Bq}{m^...
I've deleted a group-closing symbol because it seems to be
spurious, as in `$x}$'. But perhaps the } is legitimate and
you forgot something else, as in `\hbox{$x}'. In such cases
the way to recover is to insert both the forgotten and the
deleted material, e.g., by typing `I$}'.

./model.tex:16: Missing } inserted.
<inserted text> 
                }
l.16         $
              \dot{a_i}$ & 캜asov치 derivace $a_i$ & $\left[\si{\frac{Bq}{m^...
I've put in what seems to be necessary to fix
the current column of the current alignment.
Try to go on, since this might almost work.

./model.tex:16: Extra }, or forgotten $.
<inserted text> }
                 
l.16         $
              \dot{a_i}$ & 캜asov치 derivace $a_i$ & $\left[\si{\frac{Bq}{m^...
I've deleted a group-closing symbol because it seems to be
spurious, as in `$x}$'. But perhaps the } is legitimate and
you forgot something else, as in `\hbox{$x}'. In such cases
the way to recover is to insert both the forgotten and the
deleted material, e.g., by typing `I$}'.

./model.tex:16: Missing } inserted.
<inserted text> 
                }
l.16         $
              \dot{a_i}$ & 캜asov치 derivace $a_i$ & $\left[\si{\frac{Bq}{m^...
I've put in what seems to be necessary to fix
the current column of the current alignment.
Try to go on, since this might almost work.

./model.tex:16: Extra }, or forgotten $.
<inserted text> }
                 
l.16         $
              \dot{a_i}$ & 캜asov치 derivace $a_i$ & $\left[\si{\frac{Bq}{m^...
I've deleted a group-closing symbol because it seems to be
spurious, as in `$x}$'. But perhaps the } is legitimate and
you forgot something else, as in `\hbox{$x}'. In such cases
the way to recover is to insert both the forgotten and the
deleted material, e.g., by typing `I$}'.

./model.tex:16: Missing } inserted.
<inserted text> 
                }
l.16         $
              \dot{a_i}$ & 캜asov치 derivace $a_i$ & $\left[\si{\frac{Bq}{m^...
I've put in what seems to be necessary to fix
the current column of the current alignment.
Try to go on, since this might almost work.

./model.tex:16: Extra }, or forgotten $.
<inserted text> }
                 
l.16         $
              \dot{a_i}$ & 캜asov치 derivace $a_i$ & $\left[\si{\frac{Bq}{m^...
I've deleted a group-closing symbol because it seems to be
spurious, as in `$x}$'. But perhaps the } is legitimate and
you forgot something else, as in `\hbox{$x}'. In such cases
the way to recover is to insert both the forgotten and the
deleted material, e.g., by typing `I$}'.

./model.tex:16: Missing } inserted.
<inserted text> 
                }
l.16         $
              \dot{a_i}$ & 캜asov치 derivace $a_i$ & $\left[\si{\frac{Bq}{m^...
I've put in what seems to be necessary to fix
the current column of the current alignment.
Try to go on, since this might almost work.

./model.tex:16: Extra }, or forgotten $.
<inserted text> }
                 
l.16         $
              \dot{a_i}$ & 캜asov치 derivace $a_i$ & $\left[\si{\frac{Bq}{m^...
I've deleted a group-closing symbol because it seems to be
spurious, as in `$x}$'. But perhaps the } is legitimate and
you forgot something else, as in `\hbox{$x}'. In such cases
the way to recover is to insert both the forgotten and the
deleted material, e.g., by typing `I$}'.

./model.tex:16: Missing } inserted.
<inserted text> 
                }
l.16         $
              \dot{a_i}$ & 캜asov치 derivace $a_i$ & $\left[\si{\frac{Bq}{m^...
I've put in what seems to be necessary to fix
the current column of the current alignment.
Try to go on, since this might almost work.

./model.tex:16: Extra }, or forgotten $.
<inserted text> }
                 
l.16         $
              \dot{a_i}$ & 캜asov치 derivace $a_i$ & $\left[\si{\frac{Bq}{m^...
I've deleted a group-closing symbol because it seems to be
spurious, as in `$x}$'. But perhaps the } is legitimate and
you forgot something else, as in `\hbox{$x}'. In such cases
the way to recover is to insert both the forgotten and the
deleted material, e.g., by typing `I$}'.

./model.tex:16: Missing } inserted.
<inserted text> 
                }
l.16         $
              \dot{a_i}$ & 캜asov치 derivace $a_i$ & $\left[\si{\frac{Bq}{m^...
I've put in what seems to be necessary to fix
the current column of the current alignment.
Try to go on, since this might almost work.

./model.tex:16: Extra }, or forgotten $.
<inserted text> }
                 
l.16         $
              \dot{a_i}$ & 캜asov치 derivace $a_i$ & $\left[\si{\frac{Bq}{m^...
I've deleted a group-closing symbol because it seems to be
spurious, as in `$x}$'. But perhaps the } is legitimate and
you forgot something else, as in `\hbox{$x}'. In such cases
the way to recover is to insert both the forgotten and the
deleted material, e.g., by typing `I$}'.

./model.tex:16: Missing } inserted.
<inserted text> 
                }
l.16         $
              \dot{a_i}$ & 캜asov치 derivace $a_i$ & $\left[\si{\frac{Bq}{m^...
I've put in what seems to be necessary to fix
the current column of the current alignment.
Try to go on, since this might almost work.

./model.tex:16: Extra }, or forgotten $.
<inserted text> }
                 
l.16         $
              \dot{a_i}$ & 캜asov치 derivace $a_i$ & $\left[\si{\frac{Bq}{m^...
I've deleted a group-closing symbol because it seems to be
spurious, as in `$x}$'. But perhaps the } is legitimate and
you forgot something else, as in `\hbox{$x}'. In such cases
the way to recover is to insert both the forgotten and the
deleted material, e.g., by typing `I$}'.

./model.tex:16: Missing } inserted.
<inserted text> 
                }
l.16         $
              \dot{a_i}$ & 캜asov치 derivace $a_i$ & $\left[\si{\frac{Bq}{m^...
I've put in what seems to be necessary to fix
the current column of the current alignment.
Try to go on, since this might almost work.

./model.tex:16: Extra }, or forgotten $.
<inserted text> }
                 
l.16         $
              \dot{a_i}$ & 캜asov치 derivace $a_i$ & $\left[\si{\frac{Bq}{m^...
I've deleted a group-closing symbol because it seems to be
spurious, as in `$x}$'. But perhaps the } is legitimate and
you forgot something else, as in `\hbox{$x}'. In such cases
the way to recover is to insert both the forgotten and the
deleted material, e.g., by typing `I$}'.

./model.tex:16: Missing } inserted.
<inserted text> 
                }
l.16         $
              \dot{a_i}$ & 캜asov치 derivace $a_i$ & $\left[\si{\frac{Bq}{m^...
I've put in what seems to be necessary to fix
the current column of the current alignment.
Try to go on, since this might almost work.

./model.tex:16: Extra }, or forgotten $.
<inserted text> }
                 
l.16         $
              \dot{a_i}$ & 캜asov치 derivace $a_i$ & $\left[\si{\frac{Bq}{m^...
I've deleted a group-closing symbol because it seems to be
spurious, as in `$x}$'. But perhaps the } is legitimate and
you forgot something else, as in `\hbox{$x}'. In such cases
the way to recover is to insert both the forgotten and the
deleted material, e.g., by typing `I$}'.

./model.tex:16: Missing } inserted.
<inserted text> 
                }
l.16         $
              \dot{a_i}$ & 캜asov치 derivace $a_i$ & $\left[\si{\frac{Bq}{m^...
I've put in what seems to be necessary to fix
the current column of the current alignment.
Try to go on, since this might almost work.

./model.tex:16: Extra }, or forgotten $.
<inserted text> }
                 
l.16         $
              \dot{a_i}$ & 캜asov치 derivace $a_i$ & $\left[\si{\frac{Bq}{m^...
I've deleted a group-closing symbol because it seems to be
spurious, as in `$x}$'. But perhaps the } is legitimate and
you forgot something else, as in `\hbox{$x}'. In such cases
the way to recover is to insert both the forgotten and the
deleted material, e.g., by typing `I$}'.

./model.tex:16: Missing } inserted.
<inserted text> 
                }
l.16         $
              \dot{a_i}$ & 캜asov치 derivace $a_i$ & $\left[\si{\frac{Bq}{m^...
I've put in what seems to be necessary to fix
the current column of the current alignment.
Try to go on, since this might almost work.

./model.tex:16: Extra }, or forgotten $.
<inserted text> }
                 
l.16         $
              \dot{a_i}$ & 캜asov치 derivace $a_i$ & $\left[\si{\frac{Bq}{m^...
I've deleted a group-closing symbol because it seems to be
spurious, as in `$x}$'. But perhaps the } is legitimate and
you forgot something else, as in `\hbox{$x}'. In such cases
the way to recover is to insert both the forgotten and the
deleted material, e.g., by typing `I$}'.

./model.tex:16: Missing } inserted.
<inserted text> 
                }
l.16         $
              \dot{a_i}$ & 캜asov치 derivace $a_i$ & $\left[\si{\frac{Bq}{m^...
I've put in what seems to be necessary to fix
the current column of the current alignment.
Try to go on, since this might almost work.

./model.tex:16: Extra }, or forgotten $.
<inserted text> }
                 
l.16         $
              \dot{a_i}$ & 캜asov치 derivace $a_i$ & $\left[\si{\frac{Bq}{m^...
I've deleted a group-closing symbol because it seems to be
spurious, as in `$x}$'. But perhaps the } is legitimate and
you forgot something else, as in `\hbox{$x}'. In such cases
the way to recover is to insert both the forgotten and the
deleted material, e.g., by typing `I$}'.

./model.tex:16: Missing } inserted.
<inserted text> 
                }
l.16         $
              \dot{a_i}$ & 캜asov치 derivace $a_i$ & $\left[\si{\frac{Bq}{m^...
I've put in what seems to be necessary to fix
the current column of the current alignment.
Try to go on, since this might almost work.

./model.tex:16: Extra }, or forgotten $.
<inserted text> }
                 
l.16         $
              \dot{a_i}$ & 캜asov치 derivace $a_i$ & $\left[\si{\frac{Bq}{m^...
I've deleted a group-closing symbol because it seems to be
spurious, as in `$x}$'. But perhaps the } is legitimate and
you forgot something else, as in `\hbox{$x}'. In such cases
the way to recover is to insert both the forgotten and the
deleted material, e.g., by typing `I$}'.

./model.tex:16: Missing } inserted.
<inserted text> 
                }
l.16         $
              \dot{a_i}$ & 캜asov치 derivace $a_i$ & $\left[\si{\frac{Bq}{m^...
I've put in what seems to be necessary to fix
the current column of the current alignment.
Try to go on, since this might almost work.

./model.tex:16: Extra }, or forgotten $.
<inserted text> }
                 
l.16         $
              \dot{a_i}$ & 캜asov치 derivace $a_i$ & $\left[\si{\frac{Bq}{m^...
I've deleted a group-closing symbol because it seems to be
spurious, as in `$x}$'. But perhaps the } is legitimate and
you forgot something else, as in `\hbox{$x}'. In such cases
the way to recover is to insert both the forgotten and the
deleted material, e.g., by typing `I$}'.

./model.tex:16: Missing } inserted.
<inserted text> 
                }
l.16         $
              \dot{a_i}$ & 캜asov치 derivace $a_i$ & $\left[\si{\frac{Bq}{m^...
I've put in what seems to be necessary to fix
the current column of the current alignment.
Try to go on, since this might almost work.

./model.tex:16: Extra }, or forgotten $.
<inserted text> }
                 
l.16         $
              \dot{a_i}$ & 캜asov치 derivace $a_i$ & $\left[\si{\frac{Bq}{m^...
I've deleted a group-closing symbol because it seems to be
spurious, as in `$x}$'. But perhaps the } is legitimate and
you forgot something else, as in `\hbox{$x}'. In such cases
the way to recover is to insert both the forgotten and the
deleted material, e.g., by typing `I$}'.

./model.tex:16: Missing } inserted.
<inserted text> 
                }
l.16         $
              \dot{a_i}$ & 캜asov치 derivace $a_i$ & $\left[\si{\frac{Bq}{m^...
I've put in what seems to be necessary to fix
the current column of the current alignment.
Try to go on, since this might almost work.

./model.tex:16: Extra }, or forgotten $.
<inserted text> }
                 
l.16         $
              \dot{a_i}$ & 캜asov치 derivace $a_i$ & $\left[\si{\frac{Bq}{m^...
I've deleted a group-closing symbol because it seems to be
spurious, as in `$x}$'. But perhaps the } is legitimate and
you forgot something else, as in `\hbox{$x}'. In such cases
the way to recover is to insert both the forgotten and the
deleted material, e.g., by typing `I$}'.

./model.tex:16: Missing } inserted.
<inserted text> 
                }
l.16         $
              \dot{a_i}$ & 캜asov치 derivace $a_i$ & $\left[\si{\frac{Bq}{m^...
I've put in what seems to be necessary to fix
the current column of the current alignment.
Try to go on, since this might almost work.

./model.tex:16: Extra }, or forgotten $.
<inserted text> }
                 
l.16         $
              \dot{a_i}$ & 캜asov치 derivace $a_i$ & $\left[\si{\frac{Bq}{m^...
I've deleted a group-closing symbol because it seems to be
spurious, as in `$x}$'. But perhaps the } is legitimate and
you forgot something else, as in `\hbox{$x}'. In such cases
the way to recover is to insert both the forgotten and the
deleted material, e.g., by typing `I$}'.

./model.tex:16: Missing } inserted.
<inserted text> 
                }
l.16         $
              \dot{a_i}$ & 캜asov치 derivace $a_i$ & $\left[\si{\frac{Bq}{m^...
I've put in what seems to be necessary to fix
the current column of the current alignment.
Try to go on, since this might almost work.

./model.tex:16: Extra }, or forgotten $.
<inserted text> }
                 
l.16         $
              \dot{a_i}$ & 캜asov치 derivace $a_i$ & $\left[\si{\frac{Bq}{m^...
I've deleted a group-closing symbol because it seems to be
spurious, as in `$x}$'. But perhaps the } is legitimate and
you forgot something else, as in `\hbox{$x}'. In such cases
the way to recover is to insert both the forgotten and the
deleted material, e.g., by typing `I$}'.

./model.tex:16: Missing } inserted.
<inserted text> 
                }
l.16         $
              \dot{a_i}$ & 캜asov치 derivace $a_i$ & $\left[\si{\frac{Bq}{m^...
I've put in what seems to be necessary to fix
the current column of the current alignment.
Try to go on, since this might almost work.

./model.tex:16: Extra }, or forgotten $.
<inserted text> }
                 
l.16         $
              \dot{a_i}$ & 캜asov치 derivace $a_i$ & $\left[\si{\frac{Bq}{m^...
I've deleted a group-closing symbol because it seems to be
spurious, as in `$x}$'. But perhaps the } is legitimate and
you forgot something else, as in `\hbox{$x}'. In such cases
the way to recover is to insert both the forgotten and the
deleted material, e.g., by typing `I$}'.

./model.tex:16: Missing } inserted.
<inserted text> 
                }
l.16         $
              \dot{a_i}$ & 캜asov치 derivace $a_i$ & $\left[\si{\frac{Bq}{m^...
I've put in what seems to be necessary to fix
the current column of the current alignment.
Try to go on, since this might almost work.

./model.tex:16: Extra }, or forgotten $.
<inserted text> }
                 
l.16         $
              \dot{a_i}$ & 캜asov치 derivace $a_i$ & $\left[\si{\frac{Bq}{m^...
I've deleted a group-closing symbol because it seems to be
spurious, as in `$x}$'. But perhaps the } is legitimate and
you forgot something else, as in `\hbox{$x}'. In such cases
the way to recover is to insert both the forgotten and the
deleted material, e.g., by typing `I$}'.

./model.tex:16: Missing } inserted.
<inserted text> 
                }
l.16         $
              \dot{a_i}$ & 캜asov치 derivace $a_i$ & $\left[\si{\frac{Bq}{m^...
I've put in what seems to be necessary to fix
the current column of the current alignment.
Try to go on, since this might almost work.

./model.tex:16: Extra }, or forgotten $.
<inserted text> }
                 
l.16         $
              \dot{a_i}$ & 캜asov치 derivace $a_i$ & $\left[\si{\frac{Bq}{m^...
I've deleted a group-closing symbol because it seems to be
spurious, as in `$x}$'. But perhaps the } is legitimate and
you forgot something else, as in `\hbox{$x}'. In such cases
the way to recover is to insert both the forgotten and the
deleted material, e.g., by typing `I$}'.

./model.tex:16: Missing } inserted.
<inserted text> 
                }
l.16         $
              \dot{a_i}$ & 캜asov치 derivace $a_i$ & $\left[\si{\frac{Bq}{m^...
I've put in what seems to be necessary to fix
the current column of the current alignment.
Try to go on, since this might almost work.

./model.tex:16: Extra }, or forgotten $.
<inserted text> }
                 
l.16         $
              \dot{a_i}$ & 캜asov치 derivace $a_i$ & $\left[\si{\frac{Bq}{m^...
I've deleted a group-closing symbol because it seems to be
spurious, as in `$x}$'. But perhaps the } is legitimate and
you forgot something else, as in `\hbox{$x}'. In such cases
the way to recover is to insert both the forgotten and the
deleted material, e.g., by typing `I$}'.

./model.tex:16: Missing } inserted.
<inserted text> 
                }
l.16         $
              \dot{a_i}$ & 캜asov치 derivace $a_i$ & $\left[\si{\frac{Bq}{m^...
I've put in what seems to be necessary to fix
the current column of the current alignment.
Try to go on, since this might almost work.

./model.tex:16: Extra }, or forgotten $.
<inserted text> }
                 
l.16         $
              \dot{a_i}$ & 캜asov치 derivace $a_i$ & $\left[\si{\frac{Bq}{m^...
I've deleted a group-closing symbol because it seems to be
spurious, as in `$x}$'. But perhaps the } is legitimate and
you forgot something else, as in `\hbox{$x}'. In such cases
the way to recover is to insert both the forgotten and the
deleted material, e.g., by typing `I$}'.

./model.tex:16: Missing } inserted.
<inserted text> 
                }
l.16         $
              \dot{a_i}$ & 캜asov치 derivace $a_i$ & $\left[\si{\frac{Bq}{m^...
I've put in what seems to be necessary to fix
the current column of the current alignment.
Try to go on, since this might almost work.

./model.tex:16: Extra }, or forgotten $.
<inserted text> }
                 
l.16         $
              \dot{a_i}$ & 캜asov치 derivace $a_i$ & $\left[\si{\frac{Bq}{m^...
I've deleted a group-closing symbol because it seems to be
spurious, as in `$x}$'. But perhaps the } is legitimate and
you forgot something else, as in `\hbox{$x}'. In such cases
the way to recover is to insert both the forgotten and the
deleted material, e.g., by typing `I$}'.

./model.tex:16: Missing } inserted.
<inserted text> 
                }
l.16         $
              \dot{a_i}$ & 캜asov치 derivace $a_i$ & $\left[\si{\frac{Bq}{m^...
I've put in what seems to be necessary to fix
the current column of the current alignment.
Try to go on, since this might almost work.

./model.tex:16: Extra }, or forgotten $.
<inserted text> }
                 
l.16         $
              \dot{a_i}$ & 캜asov치 derivace $a_i$ & $\left[\si{\frac{Bq}{m^...
I've deleted a group-closing symbol because it seems to be
spurious, as in `$x}$'. But perhaps the } is legitimate and
you forgot something else, as in `\hbox{$x}'. In such cases
the way to recover is to insert both the forgotten and the
deleted material, e.g., by typing `I$}'.

./model.tex:16: Missing } inserted.
<inserted text> 
                }
l.16         $
              \dot{a_i}$ & 캜asov치 derivace $a_i$ & $\left[\si{\frac{Bq}{m^...
I've put in what seems to be necessary to fix
the current column of the current alignment.
Try to go on, since this might almost work.

./model.tex:16: Extra }, or forgotten $.
<inserted text> }
                 
l.16         $
              \dot{a_i}$ & 캜asov치 derivace $a_i$ & $\left[\si{\frac{Bq}{m^...
I've deleted a group-closing symbol because it seems to be
spurious, as in `$x}$'. But perhaps the } is legitimate and
you forgot something else, as in `\hbox{$x}'. In such cases
the way to recover is to insert both the forgotten and the
deleted material, e.g., by typing `I$}'.

./model.tex:16: Missing } inserted.
<inserted text> 
                }
l.16         $
              \dot{a_i}$ & 캜asov치 derivace $a_i$ & $\left[\si{\frac{Bq}{m^...
I've put in what seems to be necessary to fix
the current column of the current alignment.
Try to go on, since this might almost work.

./model.tex:16: Extra }, or forgotten $.
<inserted text> }
                 
l.16         $
              \dot{a_i}$ & 캜asov치 derivace $a_i$ & $\left[\si{\frac{Bq}{m^...
I've deleted a group-closing symbol because it seems to be
spurious, as in `$x}$'. But perhaps the } is legitimate and
you forgot something else, as in `\hbox{$x}'. In such cases
the way to recover is to insert both the forgotten and the
deleted material, e.g., by typing `I$}'.

./model.tex:16: Missing } inserted.
<inserted text> 
                }
l.16         $
              \dot{a_i}$ & 캜asov치 derivace $a_i$ & $\left[\si{\frac{Bq}{m^...
I've put in what seems to be necessary to fix
the current column of the current alignment.
Try to go on, since this might almost work.

./model.tex:16: Extra }, or forgotten $.
<inserted text> }
                 
l.16         $
              \dot{a_i}$ & 캜asov치 derivace $a_i$ & $\left[\si{\frac{Bq}{m^...
I've deleted a group-closing symbol because it seems to be
spurious, as in `$x}$'. But perhaps the } is legitimate and
you forgot something else, as in `\hbox{$x}'. In such cases
the way to recover is to insert both the forgotten and the
deleted material, e.g., by typing `I$}'.

./model.tex:16: Missing } inserted.
<inserted text> 
                }
l.16         $
              \dot{a_i}$ & 캜asov치 derivace $a_i$ & $\left[\si{\frac{Bq}{m^...
I've put in what seems to be necessary to fix
the current column of the current alignment.
Try to go on, since this might almost work.

./model.tex:16: Extra }, or forgotten $.
<inserted text> }
                 
l.16         $
              \dot{a_i}$ & 캜asov치 derivace $a_i$ & $\left[\si{\frac{Bq}{m^...
I've deleted a group-closing symbol because it seems to be
spurious, as in `$x}$'. But perhaps the } is legitimate and
you forgot something else, as in `\hbox{$x}'. In such cases
the way to recover is to insert both the forgotten and the
deleted material, e.g., by typing `I$}'.

./model.tex:16: Missing } inserted.
<inserted text> 
                }
l.16         $
              \dot{a_i}$ & 캜asov치 derivace $a_i$ & $\left[\si{\frac{Bq}{m^...
I've put in what seems to be necessary to fix
the current column of the current alignment.
Try to go on, since this might almost work.

./model.tex:16: Extra }, or forgotten $.
<inserted text> }
                 
l.16         $
              \dot{a_i}$ & 캜asov치 derivace $a_i$ & $\left[\si{\frac{Bq}{m^...
I've deleted a group-closing symbol because it seems to be
spurious, as in `$x}$'. But perhaps the } is legitimate and
you forgot something else, as in `\hbox{$x}'. In such cases
the way to recover is to insert both the forgotten and the
deleted material, e.g., by typing `I$}'.

./model.tex:16: Missing } inserted.
<inserted text> 
                }
l.16         $
              \dot{a_i}$ & 캜asov치 derivace $a_i$ & $\left[\si{\frac{Bq}{m^...
I've put in what seems to be necessary to fix
the current column of the current alignment.
Try to go on, since this might almost work.

./model.tex:16: Extra }, or forgotten $.
<inserted text> }
                 
l.16         $
              \dot{a_i}$ & 캜asov치 derivace $a_i$ & $\left[\si{\frac{Bq}{m^...
I've deleted a group-closing symbol because it seems to be
spurious, as in `$x}$'. But perhaps the } is legitimate and
you forgot something else, as in `\hbox{$x}'. In such cases
the way to recover is to insert both the forgotten and the
deleted material, e.g., by typing `I$}'.

./model.tex:16: Missing } inserted.
<inserted text> 
                }
l.16         $
              \dot{a_i}$ & 캜asov치 derivace $a_i$ & $\left[\si{\frac{Bq}{m^...
(That makes 100 errors; please try again.) 
Here is how much of TeX's memory you used:
 25 strings out of 492616
 315 string characters out of 6135178
 59523 words of memory out of 5000000
 4035 multiletter control sequences out of 15000+600000
 3948 words of font info for 15 fonts, out of 8000000 for 9000
 1141 hyphenation exceptions out of 8191
 18i,8n,16p,364b,134s stack positions out of 5000i,500n,10000p,200000b,80000s

./model.tex:16:  ==> Fatal error occurred, no output PDF file produced!
